<?xml version="1.0" encoding="UTF-8"?>
<testng-results ignored="0" total="10" passed="9" failed="1" skipped="0">
  <reporter-output>
  </reporter-output>
  <suite started-at="2026-03-09T00:29:13 IST" name="SWAGLAB Automation Suite" finished-at="2026-03-09T00:30:48 IST" duration-ms="94682">
    <groups>
    </groups>
    <test started-at="2026-03-09T00:29:13 IST" name="Login Tests" finished-at="2026-03-09T00:29:35 IST" duration-ms="22043">
      <class name="com.swaglabs.tests.LoginTest">
        <test-method is-config="true" signature="setUp()[pri:0, instance:com.swaglabs.tests.LoginTest@2473d930]" started-at="2026-03-09T00:29:13 IST" name="setUp" finished-at="2026-03-09T00:29:17 IST" duration-ms="4261" status="PASS">
          <reporter-output>
          </reporter-output>
        </test-method> <!-- setUp -->
        <test-method signature="testInvalidLogin()[pri:0, instance:com.swaglabs.tests.LoginTest@2473d930]" started-at="2026-03-09T00:29:17 IST" name="testInvalidLogin" description="TC-002: Verify login fails with invalid credentials" finished-at="2026-03-09T00:29:21 IST" duration-ms="3244" status="PASS">
          <reporter-output>
          </reporter-output>
        </test-method> <!-- testInvalidLogin -->
        <test-method is-config="true" signature="tearDown(org.testng.ITestResult)[pri:0, instance:com.swaglabs.tests.LoginTest@2473d930]" started-at="2026-03-09T00:29:21 IST" name="tearDown" finished-at="2026-03-09T00:29:21 IST" duration-ms="89" status="PASS">
          <params>
            <param index="0">
              <value>
                <![CDATA[[TestResult name=testInvalidLogin status=SUCCESS method=LoginTest.testInvalidLogin()[pri:0, instance:com.swaglabs.tests.LoginTest@2473d930] output={null}]]]>
              </value>
            </param>
          </params>
          <reporter-output>
          </reporter-output>
        </test-method> <!-- tearDown -->
        <test-method is-config="true" signature="setUp()[pri:0, instance:com.swaglabs.tests.LoginTest@2473d930]" started-at="2026-03-09T00:29:21 IST" name="setUp" finished-at="2026-03-09T00:29:25 IST" duration-ms="3882" status="PASS">
          <reporter-output>
          </reporter-output>
        </test-method> <!-- setUp -->
        <test-method signature="testLockedOutUser()[pri:0, instance:com.swaglabs.tests.LoginTest@2473d930]" started-at="2026-03-09T00:29:25 IST" name="testLockedOutUser" description="TC-003: Verify locked out user cannot login" finished-at="2026-03-09T00:29:28 IST" duration-ms="3280" status="PASS">
          <reporter-output>
          </reporter-output>
        </test-method> <!-- testLockedOutUser -->
        <test-method is-config="true" signature="tearDown(org.testng.ITestResult)[pri:0, instance:com.swaglabs.tests.LoginTest@2473d930]" started-at="2026-03-09T00:29:28 IST" name="tearDown" finished-at="2026-03-09T00:29:28 IST" duration-ms="90" status="PASS">
          <params>
            <param index="0">
              <value>
                <![CDATA[[TestResult name=testLockedOutUser status=SUCCESS method=LoginTest.testLockedOutUser()[pri:0, instance:com.swaglabs.tests.LoginTest@2473d930] output={null}]]]>
              </value>
            </param>
          </params>
          <reporter-output>
          </reporter-output>
        </test-method> <!-- tearDown -->
        <test-method is-config="true" signature="setUp()[pri:0, instance:com.swaglabs.tests.LoginTest@2473d930]" started-at="2026-03-09T00:29:28 IST" name="setUp" finished-at="2026-03-09T00:29:32 IST" duration-ms="3813" status="PASS">
          <reporter-output>
          </reporter-output>
        </test-method> <!-- setUp -->
        <test-method signature="testValidLogin()[pri:0, instance:com.swaglabs.tests.LoginTest@2473d930]" started-at="2026-03-09T00:29:32 IST" name="testValidLogin" description="TC-001: Verify successful login with valid credentials" finished-at="2026-03-09T00:29:35 IST" duration-ms="3289" status="PASS">
          <reporter-output>
          </reporter-output>
        </test-method> <!-- testValidLogin -->
        <test-method is-config="true" signature="tearDown(org.testng.ITestResult)[pri:0, instance:com.swaglabs.tests.LoginTest@2473d930]" started-at="2026-03-09T00:29:35 IST" name="tearDown" finished-at="2026-03-09T00:29:35 IST" duration-ms="84" status="PASS">
          <params>
            <param index="0">
              <value>
                <![CDATA[[TestResult name=testValidLogin status=SUCCESS method=LoginTest.testValidLogin()[pri:0, instance:com.swaglabs.tests.LoginTest@2473d930] output={null}]]]>
              </value>
            </param>
          </params>
          <reporter-output>
          </reporter-output>
        </test-method> <!-- tearDown -->
      </class> <!-- com.swaglabs.tests.LoginTest -->
    </test> <!-- Login Tests -->
    <test started-at="2026-03-09T00:29:35 IST" name="Product Tests" finished-at="2026-03-09T00:29:50 IST" duration-ms="14904">
      <class name="com.swaglabs.tests.ProductTest">
        <test-method is-config="true" signature="setUp()[pri:0, instance:com.swaglabs.tests.ProductTest@14dd9eb7]" started-at="2026-03-09T00:29:35 IST" name="setUp" finished-at="2026-03-09T00:29:39 IST" duration-ms="3859" status="PASS">
          <reporter-output>
          </reporter-output>
        </test-method> <!-- setUp -->
        <test-method is-config="true" signature="loginBeforeTest()[pri:0, instance:com.swaglabs.tests.ProductTest@14dd9eb7]" started-at="2026-03-09T00:29:39 IST" name="loginBeforeTest" finished-at="2026-03-09T00:29:41 IST" duration-ms="2254" status="PASS">
          <reporter-output>
          </reporter-output>
        </test-method> <!-- loginBeforeTest -->
        <test-method signature="testProductsDisplayed()[pri:0, instance:com.swaglabs.tests.ProductTest@14dd9eb7]" started-at="2026-03-09T00:29:41 IST" name="testProductsDisplayed" description="TC-004: Verify products are displayed on the page" finished-at="2026-03-09T00:29:42 IST" duration-ms="1030" status="PASS">
          <reporter-output>
          </reporter-output>
        </test-method> <!-- testProductsDisplayed -->
        <test-method is-config="true" signature="tearDown(org.testng.ITestResult)[pri:0, instance:com.swaglabs.tests.ProductTest@14dd9eb7]" started-at="2026-03-09T00:29:42 IST" name="tearDown" finished-at="2026-03-09T00:29:42 IST" duration-ms="87" status="PASS">
          <params>
            <param index="0">
              <value>
                <![CDATA[[TestResult name=testProductsDisplayed status=SUCCESS method=ProductTest.testProductsDisplayed()[pri:0, instance:com.swaglabs.tests.ProductTest@14dd9eb7] output={null}]]]>
              </value>
            </param>
          </params>
          <reporter-output>
          </reporter-output>
        </test-method> <!-- tearDown -->
        <test-method is-config="true" signature="setUp()[pri:0, instance:com.swaglabs.tests.ProductTest@14dd9eb7]" started-at="2026-03-09T00:29:42 IST" name="setUp" finished-at="2026-03-09T00:29:46 IST" duration-ms="3729" status="PASS">
          <reporter-output>
          </reporter-output>
        </test-method> <!-- setUp -->
        <test-method is-config="true" signature="loginBeforeTest()[pri:0, instance:com.swaglabs.tests.ProductTest@14dd9eb7]" started-at="2026-03-09T00:29:46 IST" name="loginBeforeTest" finished-at="2026-03-09T00:29:48 IST" duration-ms="2250" status="PASS">
          <reporter-output>
          </reporter-output>
        </test-method> <!-- loginBeforeTest -->
        <test-method signature="testSortByPriceLowToHigh()[pri:0, instance:com.swaglabs.tests.ProductTest@14dd9eb7]" started-at="2026-03-09T00:29:48 IST" name="testSortByPriceLowToHigh" description="TC-005: Verify products can be sorted by Price low to high" finished-at="2026-03-09T00:29:50 IST" duration-ms="1605" status="PASS">
          <reporter-output>
          </reporter-output>
        </test-method> <!-- testSortByPriceLowToHigh -->
        <test-method is-config="true" signature="tearDown(org.testng.ITestResult)[pri:0, instance:com.swaglabs.tests.ProductTest@14dd9eb7]" started-at="2026-03-09T00:29:50 IST" name="tearDown" finished-at="2026-03-09T00:29:50 IST" duration-ms="87" status="PASS">
          <params>
            <param index="0">
              <value>
                <![CDATA[[TestResult name=testSortByPriceLowToHigh status=SUCCESS method=ProductTest.testSortByPriceLowToHigh()[pri:0, instance:com.swaglabs.tests.ProductTest@14dd9eb7] output={null}]]]>
              </value>
            </param>
          </params>
          <reporter-output>
          </reporter-output>
        </test-method> <!-- tearDown -->
      </class> <!-- com.swaglabs.tests.ProductTest -->
    </test> <!-- Product Tests -->
    <test started-at="2026-03-09T00:29:50 IST" name="Cart Tests" finished-at="2026-03-09T00:30:18 IST" duration-ms="28355">
      <class name="com.swaglabs.tests.CartTest">
        <test-method is-config="true" signature="setUp()[pri:0, instance:com.swaglabs.tests.CartTest@44ebcd03]" started-at="2026-03-09T00:29:50 IST" name="setUp" finished-at="2026-03-09T00:29:54 IST" duration-ms="4039" status="PASS">
          <reporter-output>
          </reporter-output>
        </test-method> <!-- setUp -->
        <test-method is-config="true" signature="loginBeforeTest()[pri:0, instance:com.swaglabs.tests.CartTest@44ebcd03]" started-at="2026-03-09T00:29:54 IST" name="loginBeforeTest" finished-at="2026-03-09T00:29:56 IST" duration-ms="2231" status="PASS">
          <reporter-output>
          </reporter-output>
        </test-method> <!-- loginBeforeTest -->
        <test-method signature="testAddToCart()[pri:0, instance:com.swaglabs.tests.CartTest@44ebcd03]" started-at="2026-03-09T00:29:56 IST" name="testAddToCart" description="TC-006: Verify adding a single product to cart updates badge" finished-at="2026-03-09T00:29:58 IST" duration-ms="2057" status="PASS">
          <reporter-output>
          </reporter-output>
        </test-method> <!-- testAddToCart -->
        <test-method is-config="true" signature="tearDown(org.testng.ITestResult)[pri:0, instance:com.swaglabs.tests.CartTest@44ebcd03]" started-at="2026-03-09T00:29:58 IST" name="tearDown" finished-at="2026-03-09T00:29:58 IST" duration-ms="92" status="PASS">
          <params>
            <param index="0">
              <value>
                <![CDATA[[TestResult name=testAddToCart status=SUCCESS method=CartTest.testAddToCart()[pri:0, instance:com.swaglabs.tests.CartTest@44ebcd03] output={null}]]]>
              </value>
            </param>
          </params>
          <reporter-output>
          </reporter-output>
        </test-method> <!-- tearDown -->
        <test-method is-config="true" signature="setUp()[pri:0, instance:com.swaglabs.tests.CartTest@44ebcd03]" started-at="2026-03-09T00:29:58 IST" name="setUp" finished-at="2026-03-09T00:30:02 IST" duration-ms="3717" status="PASS">
          <reporter-output>
          </reporter-output>
        </test-method> <!-- setUp -->
        <test-method is-config="true" signature="loginBeforeTest()[pri:0, instance:com.swaglabs.tests.CartTest@44ebcd03]" started-at="2026-03-09T00:30:02 IST" name="loginBeforeTest" finished-at="2026-03-09T00:30:04 IST" duration-ms="2252" status="PASS">
          <reporter-output>
          </reporter-output>
        </test-method> <!-- loginBeforeTest -->
        <test-method signature="testRemoveFromCart()[pri:0, instance:com.swaglabs.tests.CartTest@44ebcd03]" started-at="2026-03-09T00:30:04 IST" name="testRemoveFromCart" description="TC-008: Verify removing item from cart empties the cart" finished-at="2026-03-09T00:30:09 IST" duration-ms="4644" status="PASS">
          <reporter-output>
          </reporter-output>
        </test-method> <!-- testRemoveFromCart -->
        <test-method is-config="true" signature="tearDown(org.testng.ITestResult)[pri:0, instance:com.swaglabs.tests.CartTest@44ebcd03]" started-at="2026-03-09T00:30:09 IST" name="tearDown" finished-at="2026-03-09T00:30:09 IST" duration-ms="94" status="PASS">
          <params>
            <param index="0">
              <value>
                <![CDATA[[TestResult name=testRemoveFromCart status=SUCCESS method=CartTest.testRemoveFromCart()[pri:0, instance:com.swaglabs.tests.CartTest@44ebcd03] output={null}]]]>
              </value>
            </param>
          </params>
          <reporter-output>
          </reporter-output>
        </test-method> <!-- tearDown -->
        <test-method is-config="true" signature="setUp()[pri:0, instance:com.swaglabs.tests.CartTest@44ebcd03]" started-at="2026-03-09T00:30:09 IST" name="setUp" finished-at="2026-03-09T00:30:13 IST" duration-ms="3823" status="PASS">
          <reporter-output>
          </reporter-output>
        </test-method> <!-- setUp -->
        <test-method is-config="true" signature="loginBeforeTest()[pri:0, instance:com.swaglabs.tests.CartTest@44ebcd03]" started-at="2026-03-09T00:30:13 IST" name="loginBeforeTest" finished-at="2026-03-09T00:30:15 IST" duration-ms="2255" status="PASS">
          <reporter-output>
          </reporter-output>
        </test-method> <!-- loginBeforeTest -->
        <test-method signature="testViewCart()[pri:0, instance:com.swaglabs.tests.CartTest@44ebcd03]" started-at="2026-03-09T00:30:15 IST" name="testViewCart" description="TC-007: Verify viewing cart contents after adding a product" finished-at="2026-03-09T00:30:18 IST" duration-ms="3061" status="PASS">
          <reporter-output>
          </reporter-output>
        </test-method> <!-- testViewCart -->
        <test-method is-config="true" signature="tearDown(org.testng.ITestResult)[pri:0, instance:com.swaglabs.tests.CartTest@44ebcd03]" started-at="2026-03-09T00:30:18 IST" name="tearDown" finished-at="2026-03-09T00:30:18 IST" duration-ms="87" status="PASS">
          <params>
            <param index="0">
              <value>
                <![CDATA[[TestResult name=testViewCart status=SUCCESS method=CartTest.testViewCart()[pri:0, instance:com.swaglabs.tests.CartTest@44ebcd03] output={null}]]]>
              </value>
            </param>
          </params>
          <reporter-output>
          </reporter-output>
        </test-method> <!-- tearDown -->
      </class> <!-- com.swaglabs.tests.CartTest -->
    </test> <!-- Cart Tests -->
    <test started-at="2026-03-09T00:30:18 IST" name="Checkout Tests" finished-at="2026-03-09T00:30:48 IST" duration-ms="29366">
      <class name="com.swaglabs.tests.CheckoutTest">
        <test-method is-config="true" signature="setUp()[pri:0, instance:com.swaglabs.tests.CheckoutTest@359f7cdf]" started-at="2026-03-09T00:30:18 IST" name="setUp" finished-at="2026-03-09T00:30:22 IST" duration-ms="3765" status="PASS">
          <reporter-output>
          </reporter-output>
        </test-method> <!-- setUp -->
        <test-method is-config="true" signature="setupCheckout()[pri:0, instance:com.swaglabs.tests.CheckoutTest@359f7cdf]" started-at="2026-03-09T00:30:22 IST" name="setupCheckout" finished-at="2026-03-09T00:30:28 IST" duration-ms="6352" status="PASS">
          <reporter-output>
          </reporter-output>
        </test-method> <!-- setupCheckout -->
        <test-method signature="testCheckoutValidation()[pri:0, instance:com.swaglabs.tests.CheckoutTest@359f7cdf]" started-at="2026-03-09T00:30:28 IST" name="testCheckoutValidation" description="TC-009: Verify checkout info validation shows error on empty fields" finished-at="2026-03-09T00:30:32 IST" duration-ms="3078" status="PASS">
          <reporter-output>
          </reporter-output>
        </test-method> <!-- testCheckoutValidation -->
        <test-method is-config="true" signature="tearDown(org.testng.ITestResult)[pri:0, instance:com.swaglabs.tests.CheckoutTest@359f7cdf]" started-at="2026-03-09T00:30:32 IST" name="tearDown" finished-at="2026-03-09T00:30:32 IST" duration-ms="89" status="PASS">
          <params>
            <param index="0">
              <value>
                <![CDATA[[TestResult name=testCheckoutValidation status=SUCCESS method=CheckoutTest.testCheckoutValidation()[pri:0, instance:com.swaglabs.tests.CheckoutTest@359f7cdf] output={null}]]]>
              </value>
            </param>
          </params>
          <reporter-output>
          </reporter-output>
        </test-method> <!-- tearDown -->
        <test-method is-config="true" signature="setUp()[pri:0, instance:com.swaglabs.tests.CheckoutTest@359f7cdf]" started-at="2026-03-09T00:30:32 IST" name="setUp" finished-at="2026-03-09T00:30:36 IST" duration-ms="4832" status="PASS">
          <reporter-output>
          </reporter-output>
        </test-method> <!-- setUp -->
        <test-method is-config="true" signature="setupCheckout()[pri:0, instance:com.swaglabs.tests.CheckoutTest@359f7cdf]" started-at="2026-03-09T00:30:36 IST" name="setupCheckout" finished-at="2026-03-09T00:30:43 IST" duration-ms="6388" status="PASS">
          <reporter-output>
          </reporter-output>
        </test-method> <!-- setupCheckout -->
        <test-method signature="testCompletePurchase()[pri:0, instance:com.swaglabs.tests.CheckoutTest@359f7cdf]" started-at="2026-03-09T00:30:43 IST" name="testCompletePurchase" description="TC-010: Verify complete end-to-end purchase flow" finished-at="2026-03-09T00:30:48 IST" duration-ms="4670" status="FAIL">
          <exception class="java.lang.AssertionError">
            <message>
              <![CDATA[Should be on Checkout overview (step 2) expected [true] but found [false]]]>
            </message>
            <full-stacktrace>
              <![CDATA[java.lang.AssertionError: Should be on Checkout overview (step 2) expected [true] but found [false]
at org.testng.Assert.fail(Assert.java:111)
at org.testng.Assert.failNotEquals(Assert.java:1578)
at org.testng.Assert.assertTrue(Assert.java:57)
at com.swaglabs.tests.CheckoutTest.testCompletePurchase(CheckoutTest.java:47)
at java.base/jdk.internal.reflect.DirectMethodHandleAccessor.invoke(DirectMethodHandleAccessor.java:103)
at java.base/java.lang.reflect.Method.invoke(Method.java:580)
at org.testng.internal.invokers.MethodInvocationHelper.invokeMethod(MethodInvocationHelper.java:141)
at org.testng.internal.invokers.TestInvoker.invokeMethod(TestInvoker.java:686)
at org.testng.internal.invokers.TestInvoker.invokeTestMethod(TestInvoker.java:230)
at org.testng.internal.invokers.MethodRunner.runInSequence(MethodRunner.java:63)
at org.testng.internal.invokers.TestInvoker$MethodInvocationAgent.invoke(TestInvoker.java:992)
at org.testng.internal.invokers.TestInvoker.invokeTestMethods(TestInvoker.java:203)
at org.testng.internal.invokers.TestMethodWorker.invokeTestMethods(TestMethodWorker.java:154)
at org.testng.internal.invokers.TestMethodWorker.run(TestMethodWorker.java:134)
at java.base/java.util.ArrayList.forEach(ArrayList.java:1596)
at org.testng.TestRunner.privateRun(TestRunner.java:739)
at org.testng.TestRunner.run(TestRunner.java:614)
at org.testng.SuiteRunner.runTest(SuiteRunner.java:421)
at org.testng.SuiteRunner.runSequentially(SuiteRunner.java:413)
at org.testng.SuiteRunner.privateRun(SuiteRunner.java:373)
at org.testng.SuiteRunner.run(SuiteRunner.java:312)
at org.testng.SuiteRunnerWorker.runSuite(SuiteRunnerWorker.java:52)
at org.testng.SuiteRunnerWorker.run(SuiteRunnerWorker.java:95)
at org.testng.TestNG.runSuitesSequentially(TestNG.java:1274)
at org.testng.TestNG.runSuitesLocally(TestNG.java:1208)
at org.testng.TestNG.runSuites(TestNG.java:1112)
at org.testng.TestNG.run(TestNG.java:1079)
at org.apache.maven.surefire.testng.TestNGExecutor.run(TestNGExecutor.java:308)
at org.apache.maven.surefire.testng.TestNGXmlTestSuite.execute(TestNGXmlTestSuite.java:71)
at org.apache.maven.surefire.testng.TestNGProvider.invoke(TestNGProvider.java:113)
at org.apache.maven.surefire.booter.ForkedBooter.runSuitesInProcess(ForkedBooter.java:385)
at org.apache.maven.surefire.booter.ForkedBooter.execute(ForkedBooter.java:162)
at org.apache.maven.surefire.booter.ForkedBooter.run(ForkedBooter.java:507)
at org.apache.maven.surefire.booter.ForkedBooter.main(ForkedBooter.java:495)
]]>
            </full-stacktrace>
          </exception> <!-- java.lang.AssertionError -->
          <reporter-output>
          </reporter-output>
        </test-method> <!-- testCompletePurchase -->
        <test-method is-config="true" signature="tearDown(org.testng.ITestResult)[pri:0, instance:com.swaglabs.tests.CheckoutTest@359f7cdf]" started-at="2026-03-09T00:30:48 IST" name="tearDown" finished-at="2026-03-09T00:30:48 IST" duration-ms="185" status="PASS">
          <params>
            <param index="0">
              <value>
                <![CDATA[[TestResult name=testCompletePurchase status=FAILURE method=CheckoutTest.testCompletePurchase()[pri:0, instance:com.swaglabs.tests.CheckoutTest@359f7cdf] output={null}]]]>
              </value>
            </param>
          </params>
          <reporter-output>
          </reporter-output>
        </test-method> <!-- tearDown -->
      </class> <!-- com.swaglabs.tests.CheckoutTest -->
    </test> <!-- Checkout Tests -->
  </suite> <!-- SWAGLAB Automation Suite -->
</testng-results>
