<?xml version="1.0" encoding="UTF-8"?>
<!-- Generated by org.testng.reporters.JUnitReportReporter -->
<testsuite hostname="Turing.local" failures="0" tests="2" name="com.swaglabs.tests.ProductTest" time="14.901" errors="0" timestamp="2026-03-09T00:30:48 IST" skipped="0">
  <testcase classname="com.swaglabs.tests.ProductTest" name="testProductsDisplayed" time="7.226"/>
  <testcase classname="com.swaglabs.tests.ProductTest" name="testSortByPriceLowToHigh" time="7.675"/>
</testsuite> <!-- com.swaglabs.tests.ProductTest -->
