<?xml version="1.0" encoding="UTF-8"?>
<!-- Generated by org.testng.reporters.JUnitReportReporter -->
<testsuite hostname="Turing.local" failures="0" tests="3" name="com.swaglabs.tests.LoginTest" time="21.943" errors="0" timestamp="2026-03-09T01:08:27 IST" skipped="0">
  <testcase classname="com.swaglabs.tests.LoginTest" name="testInvalidLogin" time="7.189"/>
  <testcase classname="com.swaglabs.tests.LoginTest" name="testValidLogin" time="7.629"/>
  <testcase classname="com.swaglabs.tests.LoginTest" name="testLockedOutUser" time="7.125"/>
</testsuite> <!-- com.swaglabs.tests.LoginTest -->
