<?xml version="1.0" encoding="UTF-8"?>
<!-- Generated by org.testng.reporters.JUnitReportReporter -->
<testsuite hostname="Turing.local" failures="0" tests="2" name="com.swaglabs.tests.ProductTest" time="15.813" errors="0" timestamp="2026-03-09T01:03:35 IST" skipped="0">
  <testcase classname="com.swaglabs.tests.ProductTest" name="testSortByPriceLowToHigh" time="8.282"/>
  <testcase classname="com.swaglabs.tests.ProductTest" name="testProductsDisplayed" time="7.531"/>
</testsuite> <!-- com.swaglabs.tests.ProductTest -->
