<?xml version="1.0" encoding="UTF-8"?>
<!-- Generated by org.testng.reporters.JUnitReportReporter -->
<testsuite hostname="Turing.local" failures="0" tests="2" name="com.swaglabs.tests.CheckoutTest" time="30.459" errors="0" timestamp="2026-03-09T01:08:27 IST" skipped="0">
  <testcase classname="com.swaglabs.tests.CheckoutTest" name="testCompletePurchase" time="17.055"/>
  <testcase classname="com.swaglabs.tests.CheckoutTest" name="testCheckoutValidation" time="13.404"/>
</testsuite> <!-- com.swaglabs.tests.CheckoutTest -->
