<?xml version="1.0" encoding="UTF-8"?>
<!-- Generated by org.testng.reporters.JUnitReportReporter -->
<testsuite hostname="Turing.local" failures="0" tests="3" name="com.swaglabs.tests.CartTest" time="28.357" errors="0" timestamp="2026-03-09T01:03:35 IST" skipped="0">
  <testcase classname="com.swaglabs.tests.CartTest" name="testAddToCart" time="8.277"/>
  <testcase classname="com.swaglabs.tests.CartTest" name="testRemoveFromCart" time="10.820"/>
  <testcase classname="com.swaglabs.tests.CartTest" name="testViewCart" time="9.260"/>
</testsuite> <!-- com.swaglabs.tests.CartTest -->
