<?xml version="1.0" encoding="UTF-8"?>
<!-- Generated by org.testng.reporters.JUnitXMLReporter -->
<testsuite ignored="0" hostname="Turing.local" failures="0" tests="3" name="Cart Tests" time="28.355" errors="0" timestamp="2026-03-09T00:30:18 IST">
  <testcase classname="com.swaglabs.tests.CartTest" name="testAddToCart" time="2.057"/>
  <testcase classname="com.swaglabs.tests.CartTest" name="testRemoveFromCart" time="4.644"/>
  <testcase classname="com.swaglabs.tests.CartTest" name="testViewCart" time="3.061"/>
</testsuite> <!-- Cart Tests -->
