<?xml version="1.0" encoding="UTF-8"?>
<!-- Generated by org.testng.reporters.JUnitXMLReporter -->
<testsuite ignored="0" hostname="Turing.local" failures="1" tests="2" name="Checkout Tests" time="28.333" errors="0" timestamp="2026-03-09T01:03:35 IST">
  <testcase classname="com.swaglabs.tests.CheckoutTest" name="testCheckoutValidation" time="3.04"/>
  <testcase classname="com.swaglabs.tests.CheckoutTest" name="testCompletePurchase" time="4.696">
    <failure type="java.lang.AssertionError" message="Should be on Checkout overview (step 2) expected [true] but found [false]">
      <![CDATA[java.lang.AssertionError: Should be on Checkout overview (step 2) expected [true] but found [false]
at com.swaglabs.tests.CheckoutTest.testCompletePurchase(CheckoutTest.java:47)
at java.base/java.util.ArrayList.forEach(ArrayList.java:1596)
... Removed 32 stack frames]]>
    </failure>
  </testcase> <!-- testCompletePurchase -->
</testsuite> <!-- Checkout Tests -->
