<?xml version="1.0" encoding="UTF-8"?>
<!-- Generated by org.testng.reporters.JUnitXMLReporter -->
<testsuite ignored="0" hostname="Turing.local" failures="0" tests="3" name="Login Tests" time="22.738" errors="0" timestamp="2026-03-09T01:02:22 IST">
  <testcase classname="com.swaglabs.tests.LoginTest" name="testInvalidLogin" time="3.241"/>
  <testcase classname="com.swaglabs.tests.LoginTest" name="testLockedOutUser" time="3.288"/>
  <testcase classname="com.swaglabs.tests.LoginTest" name="testValidLogin" time="3.311"/>
</testsuite> <!-- Login Tests -->
