<?xml version="1.0" encoding="UTF-8"?>
<!-- Generated by org.testng.reporters.JUnitXMLReporter -->
<testsuite ignored="0" hostname="Turing.local" failures="0" tests="3" name="Login Tests" time="22.043" errors="0" timestamp="2026-03-09T00:29:35 IST">
  <testcase classname="com.swaglabs.tests.LoginTest" name="testInvalidLogin" time="3.244"/>
  <testcase classname="com.swaglabs.tests.LoginTest" name="testLockedOutUser" time="3.28"/>
  <testcase classname="com.swaglabs.tests.LoginTest" name="testValidLogin" time="3.289"/>
</testsuite> <!-- Login Tests -->
